<?xml version="1.0" encoding="UTF-8"?>
<!-- Generated by org.testng.reporters.JUnitReportReporter -->
<testsuite hostname="DESKTOP-TNLICC1" failures="0" tests="1" name="test.CardTest" time="0.005" errors="0" timestamp="2022-09-08T21:26:33 IST" skipped="0">
  <testcase classname="test.CardTest" name="CCTest" time="0.005"/>
  <system-out/>
</testsuite> <!-- test.CardTest -->
