<?xml version="1.0" encoding="UTF-8"?>
<!-- Generated by org.testng.reporters.JUnitReportReporter -->
<testsuite hostname="DESKTOP-TNLICC1" failures="0" tests="3" name="test.LoanTest" time="0.017" errors="0" timestamp="2022-09-08T21:37:03 IST" skipped="0">
  <testcase classname="test.LoanTest" name="PersonalLoanTest1" time="0.010"/>
  <system-out/>
  <testcase classname="test.LoanTest" name="HomeLoanTest" time="0.004"/>
  <system-out/>
  <testcase classname="test.LoanTest" name="PersonalLoanTest" time="0.003"/>
  <system-out/>
</testsuite> <!-- test.LoanTest -->
